2025/05/29 16:00:05 ✅ API ToolCenter démarrée sur le port 8000
2025/05/30 02:39:57 ✅ API ToolCenter démarrée sur le port 8000
2025/05/30 03:07:12 ⚠️ config.json modifié → reload
2025/05/30 03:07:12 ✅ Configuration rechargée.
2025/05/30 03:07:12 ⚠️ config.json modifié → reload
2025/05/30 03:07:12 ✅ Configuration rechargée.
2025/05/30 03:09:52 ⚠️ config.json modifié → reload
2025/05/30 03:09:52 ✅ Configuration rechargée.
2025/05/30 03:09:52 ⚠️ config.json modifié → reload
2025/05/30 03:09:52 ✅ Configuration rechargée.
2025/05/30 03:11:57 ⚠️ config.json modifié → reload
2025/05/30 03:11:57 ✅ Configuration rechargée.
2025/05/30 03:11:57 ⚠️ config.json modifié → reload
2025/05/30 03:11:57 ✅ Configuration rechargée.
2025/05/30 03:12:13 ⚠️ config.json modifié → reload
2025/05/30 03:12:13 ❌ Erreur reload config : unexpected end of JSON input
2025/05/30 03:12:13 ⚠️ config.json modifié → reload
2025/05/30 03:12:13 ❌ Erreur reload config : invalid character '\n' in string literal
2025/05/30 03:12:41 ⚠️ config.json modifié → reload
2025/05/30 03:12:41 ✅ Configuration rechargée.
2025/05/30 03:15:30 ⚠️ config.json modifié → reload
2025/05/30 03:15:30 ❌ Erreur reload config : unexpected end of JSON input
2025/05/30 03:15:30 ⚠️ config.json modifié → reload
2025/05/30 03:15:30 ✅ Configuration rechargée.
2025/05/30 03:15:51 ✅ API ToolCenter démarrée sur le port 8000
2025/05/30 03:16:01 ⚠️ config.json modifié → reload
2025/05/30 03:16:01 ✅ Configuration rechargée.
2025/05/30 03:16:01 ⚠️ config.json modifié → reload
2025/05/30 03:16:01 ✅ Configuration rechargée.
2025/05/30 03:19:59 ✅ API ToolCenter démarrée sur le port 8000
2025/05/30 03:23:33 ✅ API ToolCenter démarrée sur le port 8000
2025/05/30 03:24:13 ✅ API ToolCenter démarrée sur le port 8000
2025/05/30 03:25:09 ✅ API ToolCenter démarrée sur le port 8000
2025/05/30 03:28:36 ✅ API ToolCenter démarrée sur le port 8000
2025/05/30 03:29:17 ✅ API ToolCenter démarrée sur le port 8000
2025/05/30 03:34:38 ✅ API ToolCenter démarrée sur le port 8000
2025/05/30 03:36:06 ✅ API ToolCenter démarrée sur le port 8000
2025/05/30 03:36:39 ✅ API ToolCenter démarrée sur le port 8000
2025/05/30 03:38:49 ✅ API ToolCenter démarrée sur le port 8000
2025/05/30 03:40:18 ✅ API ToolCenter démarrée sur le port 8000
2025/05/30 03:41:11 ✅ API ToolCenter démarrée sur le port 8000
2025/05/30 03:42:50 ✅ API ToolCenter démarrée sur le port 8000
2025/05/30 03:49:10 ✅ API ToolCenter démarrée sur le port 8000
2025/05/30 03:53:51 ✅ API ToolCenter démarrée sur le port 8000
2025/05/30 04:01:20 ✅ API ToolCenter démarrée sur le port 8000
2025/05/30 04:01:56 ✅ API ToolCenter démarrée sur le port 8000
2025/05/30 04:04:16 ✅ API ToolCenter démarrée sur le port 8000
2025/05/30 04:12:01 ✅ API ToolCenter démarrée sur le port 8000
2025/05/30 04:12:47 ✅ API ToolCenter démarrée sur le port 8000
2025/05/30 04:14:07 ✅ API ToolCenter démarrée sur le port 8000
2025/05/30 04:15:22 ✅ API ToolCenter démarrée sur le port 8000
2025/05/30 13:57:51 ✅ API ToolCenter démarrée sur le port 8000
2025/05/30 14:08:32 ✅ API ToolCenter démarrée sur le port 8000
2025/05/30 14:10:02 ⚠️ config.json modifié → reload
2025/05/30 14:10:02 ✅ Configuration rechargée.
2025/05/30 14:10:02 ⚠️ config.json modifié → reload
2025/05/30 14:10:02 ✅ Configuration rechargée.
2025/05/30 14:10:06 ✅ API ToolCenter démarrée sur le port 8000
2025/05/30 14:10:16 ⚠️ config.json modifié → reload
2025/05/30 14:10:16 ✅ Configuration rechargée.
2025/05/30 14:10:16 ⚠️ config.json modifié → reload
2025/05/30 14:10:16 ✅ Configuration rechargée.
2025/05/30 14:10:19 ✅ API ToolCenter démarrée sur le port 8000
